This is e-pTeX, Version 3.14159265-p3.8.0-180226-2.6 (utf8.euc) (TeX Live 2018/Arch Linux) (preloaded format=platex 2018.10.4)  18 OCT 2018 14:06
entering extended mode
 \write18 enabled.
 %&-line parsing enabled.
**../lesson1/report.texreport.tex
(/usr/share/texmf-dist/tex/latex/tools/q.tex
pLaTeX2e <2018-07-28>+1 (based on LaTeX2e <2018-04-01> patch level 5)
File ignored
)
! Emergency stop.
<*> ../lesson1/report.texreport.tex
                                   
*** (job aborted, no legal \end found)

 
Here is how much of TeX's memory you used:
 7 strings out of 493250
 157 string characters out of 6149318
 61155 words of memory out of 5000000
 4063 multiletter control sequences out of 15000+600000
 7511 words of font info for 31 fonts, out of 8000000 for 9000
 929 hyphenation exceptions out of 8191
 5i,0n,3p,111b,8s stack positions out of 5000i,500n,10000p,200000b,80000s
No pages of output.
